TN:
SF:src\js\api.js
FN:12,(anonymous_0)
FN:22,(anonymous_1)
FN:52,(anonymous_2)
FN:64,(anonymous_3)
FN:75,(anonymous_4)
FN:85,(anonymous_5)
FN:94,(anonymous_6)
FN:107,(anonymous_7)
FN:119,(anonymous_8)
FN:131,(anonymous_9)
FN:142,(anonymous_10)
FN:143,(anonymous_11)
FN:144,(anonymous_12)
FN:147,(anonymous_13)
FN:148,(anonymous_14)
FN:149,(anonymous_15)
FN:150,(anonymous_16)
FN:151,(anonymous_17)
FNF:18
FNH:10
FNDA:21,(anonymous_0)
FNDA:19,(anonymous_1)
FNDA:2,(anonymous_2)
FNDA:5,(anonymous_3)
FNDA:1,(anonymous_4)
FNDA:3,(anonymous_5)
FNDA:3,(anonymous_6)
FNDA:3,(anonymous_7)
FNDA:1,(anonymous_8)
FNDA:1,(anonymous_9)
FNDA:0,(anonymous_10)
FNDA:0,(anonymous_11)
FNDA:0,(anonymous_12)
FNDA:0,(anonymous_13)
FNDA:0,(anonymous_14)
FNDA:0,(anonymous_15)
FNDA:0,(anonymous_16)
FNDA:0,(anonymous_17)
DA:6,1
DA:13,21
DA:23,19
DA:24,19
DA:32,19
DA:33,19
DA:34,18
DA:36,18
DA:37,6
DA:40,12
DA:42,7
DA:43,7
DA:53,2
DA:65,5
DA:76,1
DA:86,3
DA:95,3
DA:108,3
DA:120,1
DA:132,1
DA:137,1
DA:140,1
DA:142,0
DA:143,0
DA:144,0
DA:147,0
DA:148,0
DA:149,0
DA:150,0
DA:151,0
DA:155,1
DA:156,1
LF:32
LH:24
BRDA:12,0,0,1
BRDA:22,1,0,3
BRDA:36,2,0,6
BRDA:36,2,1,12
BRDA:37,3,0,6
BRDA:37,3,1,1
BRDA:155,4,0,1
BRDA:155,4,1,0
BRDA:155,5,0,1
BRDA:155,5,1,1
BRF:10
BRH:9
end_of_record
TN:
SF:src\js\app.js
FN:10,(anonymous_0)
FN:18,(anonymous_1)
FN:21,(anonymous_2)
FN:32,(anonymous_3)
FN:62,(anonymous_4)
FN:71,(anonymous_5)
FN:81,(anonymous_6)
FN:83,(anonymous_7)
FN:89,(anonymous_8)
FN:99,(anonymous_9)
FN:115,(anonymous_10)
FN:131,(anonymous_11)
FN:142,(anonymous_12)
FN:198,(anonymous_13)
FN:207,(anonymous_14)
FN:218,(anonymous_15)
FN:226,(anonymous_16)
FN:227,(anonymous_17)
FN:258,(anonymous_18)
FN:276,(anonymous_19)
FN:279,(anonymous_20)
FN:282,(anonymous_21)
FN:292,(anonymous_22)
FNF:23
FNH:0
FNDA:0,(anonymous_0)
FNDA:0,(anonymous_1)
FNDA:0,(anonymous_2)
FNDA:0,(anonymous_3)
FNDA:0,(anonymous_4)
FNDA:0,(anonymous_5)
FNDA:0,(anonymous_6)
FNDA:0,(anonymous_7)
FNDA:0,(anonymous_8)
FNDA:0,(anonymous_9)
FNDA:0,(anonymous_10)
FNDA:0,(anonymous_11)
FNDA:0,(anonymous_12)
FNDA:0,(anonymous_13)
FNDA:0,(anonymous_14)
FNDA:0,(anonymous_15)
FNDA:0,(anonymous_16)
FNDA:0,(anonymous_17)
FNDA:0,(anonymous_18)
FNDA:0,(anonymous_19)
FNDA:0,(anonymous_20)
FNDA:0,(anonymous_21)
FNDA:0,(anonymous_22)
DA:11,0
DA:12,0
DA:20,0
DA:21,0
DA:22,0
DA:25,0
DA:33,0
DA:35,0
DA:37,0
DA:40,0
DA:43,0
DA:46,0
DA:51,0
DA:54,0
DA:55,0
DA:63,0
DA:71,0
DA:73,0
DA:74,0
DA:83,0
DA:84,0
DA:85,0
DA:89,0
DA:90,0
DA:91,0
DA:101,0
DA:104,0
DA:105,0
DA:107,0
DA:116,0
DA:117,0
DA:118,0
DA:127,0
DA:129,0
DA:131,0
DA:132,0
DA:133,0
DA:143,0
DA:200,0
DA:201,0
DA:203,0
DA:204,0
DA:207,0
DA:208,0
DA:209,0
DA:219,0
DA:220,0
DA:227,0
DA:229,0
DA:231,0
DA:234,0
DA:235,0
DA:236,0
DA:237,0
DA:242,0
DA:243,0
DA:244,0
DA:248,0
DA:249,0
DA:250,0
DA:259,0
DA:277,0
DA:278,0
DA:280,0
DA:283,0
DA:293,0
DA:305,0
DA:308,0
DA:309,0
DA:310,0
DA:313,0
DA:314,0
LF:72
LH:0
BRDA:20,0,0,0
BRDA:20,0,1,0
BRDA:73,1,0,0
BRDA:73,1,1,0
BRDA:105,2,0,0
BRDA:105,2,1,0
BRDA:132,3,0,0
BRDA:132,3,1,0
BRDA:175,4,0,0
BRDA:175,4,1,0
BRDA:203,5,0,0
BRDA:203,5,1,0
BRDA:203,6,0,0
BRDA:203,6,1,0
BRDA:208,7,0,0
BRDA:208,7,1,0
BRDA:209,8,0,0
BRDA:209,8,1,0
BRDA:231,9,0,0
BRDA:231,9,1,0
BRDA:234,10,0,0
BRDA:234,10,1,0
BRDA:234,11,0,0
BRDA:234,11,1,0
BRDA:234,11,2,0
BRDA:236,12,0,0
BRDA:236,12,1,0
BRDA:242,13,0,0
BRDA:242,13,1,0
BRDA:248,14,0,0
BRDA:248,14,1,0
BRDA:248,15,0,0
BRDA:248,15,1,0
BRDA:248,15,2,0
BRDA:277,16,0,0
BRDA:277,16,1,0
BRDA:313,17,0,0
BRDA:313,17,1,0
BRDA:313,18,0,0
BRDA:313,18,1,0
BRF:40
BRH:0
end_of_record
TN:
SF:src\js\auth.js
FN:10,(anonymous_0)
FN:18,(anonymous_1)
FN:27,(anonymous_2)
FN:29,(anonymous_3)
FN:33,(anonymous_4)
FN:38,(anonymous_5)
FN:42,(anonymous_6)
FN:47,(anonymous_7)
FN:56,(anonymous_8)
FN:58,(anonymous_9)
FN:63,(anonymous_10)
FN:80,(anonymous_11)
FN:105,(anonymous_12)
FN:118,(anonymous_13)
FN:148,(anonymous_14)
FN:160,(anonymous_15)
FN:177,(anonymous_16)
FN:201,(anonymous_17)
FN:244,(anonymous_18)
FN:251,(anonymous_19)
FN:259,(anonymous_20)
FN:267,(anonymous_21)
FN:275,(anonymous_22)
FN:286,(anonymous_23)
FN:301,(anonymous_24)
FN:312,(anonymous_25)
FN:323,(anonymous_26)
FN:333,(anonymous_27)
FNF:28
FNH:0
FNDA:0,(anonymous_0)
FNDA:0,(anonymous_1)
FNDA:0,(anonymous_2)
FNDA:0,(anonymous_3)
FNDA:0,(anonymous_4)
FNDA:0,(anonymous_5)
FNDA:0,(anonymous_6)
FNDA:0,(anonymous_7)
FNDA:0,(anonymous_8)
FNDA:0,(anonymous_9)
FNDA:0,(anonymous_10)
FNDA:0,(anonymous_11)
FNDA:0,(anonymous_12)
FNDA:0,(anonymous_13)
FNDA:0,(anonymous_14)
FNDA:0,(anonymous_15)
FNDA:0,(anonymous_16)
FNDA:0,(anonymous_17)
FNDA:0,(anonymous_18)
FNDA:0,(anonymous_19)
FNDA:0,(anonymous_20)
FNDA:0,(anonymous_21)
FNDA:0,(anonymous_22)
FNDA:0,(anonymous_23)
FNDA:0,(anonymous_24)
FNDA:0,(anonymous_25)
FNDA:0,(anonymous_26)
FNDA:0,(anonymous_27)
DA:11,0
DA:12,0
DA:19,0
DA:20,0
DA:21,0
DA:29,0
DA:30,0
DA:33,0
DA:34,0
DA:38,0
DA:39,0
DA:42,0
DA:43,0
DA:47,0
DA:48,0
DA:58,0
DA:59,0
DA:63,0
DA:64,0
DA:68,0
DA:69,0
DA:72,0
DA:73,0
DA:81,0
DA:83,0
DA:84,0
DA:85,0
DA:91,0
DA:92,0
DA:95,0
DA:96,0
DA:98,0
DA:100,0
DA:101,0
DA:102,0
DA:103,0
DA:105,0
DA:106,0
DA:110,0
DA:119,0
DA:121,0
DA:122,0
DA:123,0
DA:131,0
DA:132,0
DA:135,0
DA:136,0
DA:138,0
DA:144,0
DA:145,0
DA:146,0
DA:148,0
DA:149,0
DA:153,0
DA:161,0
DA:162,0
DA:164,0
DA:166,0
DA:167,0
DA:168,0
DA:178,0
DA:179,0
DA:180,0
DA:183,0
DA:184,0
DA:185,0
DA:188,0
DA:189,0
DA:190,0
DA:193,0
DA:202,0
DA:203,0
DA:204,0
DA:207,0
DA:208,0
DA:209,0
DA:212,0
DA:213,0
DA:214,0
DA:217,0
DA:218,0
DA:219,0
DA:222,0
DA:223,0
DA:224,0
DA:227,0
DA:228,0
DA:229,0
DA:232,0
DA:233,0
DA:234,0
DA:237,0
DA:245,0
DA:252,0
DA:260,0
DA:268,0
DA:276,0
DA:277,0
DA:279,0
DA:287,0
DA:288,0
DA:289,0
DA:290,0
DA:293,0
DA:294,0
DA:302,0
DA:303,0
DA:305,0
DA:313,0
DA:314,0
DA:316,0
DA:324,0
DA:325,0
DA:326,0
DA:327,0
DA:334,0
DA:335,0
DA:337,0
DA:338,0
DA:339,0
DA:340,0
DA:345,0
DA:346,0
DA:352,0
DA:355,0
DA:356,0
LF:126
LH:0
BRDA:91,0,0,0
BRDA:91,0,1,0
BRDA:100,1,0,0
BRDA:100,1,1,0
BRDA:110,2,0,0
BRDA:110,2,1,0
BRDA:131,3,0,0
BRDA:131,3,1,0
BRDA:144,4,0,0
BRDA:144,4,1,0
BRDA:153,5,0,0
BRDA:153,5,1,0
BRDA:178,6,0,0
BRDA:178,6,1,0
BRDA:183,7,0,0
BRDA:183,7,1,0
BRDA:188,8,0,0
BRDA:188,8,1,0
BRDA:202,9,0,0
BRDA:202,9,1,0
BRDA:207,10,0,0
BRDA:207,10,1,0
BRDA:212,11,0,0
BRDA:212,11,1,0
BRDA:217,12,0,0
BRDA:217,12,1,0
BRDA:222,13,0,0
BRDA:222,13,1,0
BRDA:227,14,0,0
BRDA:227,14,1,0
BRDA:232,15,0,0
BRDA:232,15,1,0
BRDA:289,16,0,0
BRDA:289,16,1,0
BRDA:313,17,0,0
BRDA:313,17,1,0
BRDA:337,18,0,0
BRDA:337,18,1,0
BRDA:339,19,0,0
BRDA:339,19,1,0
BRDA:345,20,0,0
BRDA:345,20,1,0
BRDA:355,21,0,0
BRDA:355,21,1,0
BRDA:355,22,0,0
BRDA:355,22,1,0
BRF:46
BRH:0
end_of_record
TN:
SF:src\js\tasks.js
FN:10,(anonymous_0)
FN:19,(anonymous_1)
FN:26,(anonymous_2)
FN:28,(anonymous_3)
FN:33,(anonymous_4)
FN:38,(anonymous_5)
FN:46,(anonymous_6)
FN:63,(anonymous_7)
FN:71,(anonymous_8)
FN:78,(anonymous_9)
FN:90,(anonymous_10)
FN:109,(anonymous_11)
FN:119,(anonymous_12)
FN:129,(anonymous_13)
FN:171,(anonymous_14)
FN:200,(anonymous_15)
FN:214,(anonymous_16)
FN:253,(anonymous_17)
FN:276,(anonymous_18)
FN:291,(anonymous_19)
FN:305,(anonymous_20)
FN:314,(anonymous_21)
FN:320,(anonymous_22)
FN:337,(anonymous_23)
FN:347,(anonymous_24)
FN:360,(anonymous_25)
FN:362,(anonymous_26)
FN:377,(anonymous_27)
FN:382,(anonymous_28)
FN:385,(anonymous_29)
FNF:30
FNH:11
FNDA:29,(anonymous_0)
FNDA:29,(anonymous_1)
FNDA:29,(anonymous_2)
FNDA:0,(anonymous_3)
FNDA:0,(anonymous_4)
FNDA:0,(anonymous_5)
FNDA:0,(anonymous_6)
FNDA:0,(anonymous_7)
FNDA:0,(anonymous_8)
FNDA:0,(anonymous_9)
FNDA:0,(anonymous_10)
FNDA:0,(anonymous_11)
FNDA:0,(anonymous_12)
FNDA:0,(anonymous_13)
FNDA:0,(anonymous_14)
FNDA:1,(anonymous_15)
FNDA:0,(anonymous_16)
FNDA:11,(anonymous_17)
FNDA:0,(anonymous_18)
FNDA:0,(anonymous_19)
FNDA:1,(anonymous_20)
FNDA:0,(anonymous_21)
FNDA:0,(anonymous_22)
FNDA:0,(anonymous_23)
FNDA:0,(anonymous_24)
FNDA:7,(anonymous_25)
FNDA:1013,(anonymous_26)
FNDA:10,(anonymous_27)
FNDA:8,(anonymous_28)
FNDA:8,(anonymous_29)
DA:11,29
DA:12,29
DA:13,29
DA:20,29
DA:28,29
DA:29,0
DA:33,29
DA:34,0
DA:38,29
DA:39,0
DA:47,0
DA:48,0
DA:50,0
DA:51,0
DA:52,0
DA:55,0
DA:56,0
DA:64,0
DA:65,0
DA:67,0
DA:70,0
DA:71,0
DA:73,0
DA:74,0
DA:76,0
DA:78,0
DA:79,0
DA:80,0
DA:91,0
DA:96,0
DA:98,0
DA:101,0
DA:104,0
DA:109,0
DA:110,0
DA:114,0
DA:119,0
DA:120,0
DA:124,0
DA:129,0
DA:130,0
DA:133,0
DA:134,0
DA:135,0
DA:137,0
DA:138,0
DA:140,0
DA:143,0
DA:144,0
DA:146,0
DA:150,0
DA:152,0
DA:155,0
DA:159,0
DA:160,0
DA:162,0
DA:164,0
DA:172,0
DA:173,0
DA:175,0
DA:178,0
DA:180,0
DA:182,0
DA:183,0
DA:184,0
DA:185,0
DA:188,0
DA:189,0
DA:190,0
DA:193,0
DA:194,0
DA:201,1
DA:202,1
DA:203,1
DA:204,1
DA:205,1
DA:206,1
DA:215,0
DA:217,0
DA:218,0
DA:219,0
DA:225,0
DA:226,0
DA:229,0
DA:230,0
DA:232,0
DA:233,0
DA:236,0
DA:237,0
DA:240,0
DA:241,0
DA:244,0
DA:254,11
DA:255,3
DA:256,3
DA:259,8
DA:260,1
DA:261,1
DA:264,7
DA:265,1
DA:266,1
DA:269,6
DA:277,0
DA:279,0
DA:280,0
DA:283,0
DA:292,0
DA:294,0
DA:295,0
DA:298,0
DA:306,1
DA:315,0
DA:316,0
DA:318,0
DA:320,0
DA:321,0
DA:322,0
DA:323,0
DA:327,0
DA:328,0
DA:338,0
DA:340,0
DA:342,0
DA:343,0
DA:345,0
DA:347,0
DA:348,0
DA:351,0
DA:352,0
DA:361,7
DA:362,1013
DA:363,7
DA:365,7
DA:380,10
DA:382,8
DA:383,4
DA:385,8
DA:386,3
DA:388,3
DA:392,10
DA:393,10
DA:394,10
DA:395,10
DA:400,1
DA:403,1
DA:406,1
DA:407,1
LF:147
LH:42
BRDA:50,0,0,0
BRDA:50,0,1,0
BRDA:51,1,0,0
BRDA:51,1,1,0
BRDA:67,2,0,0
BRDA:67,2,1,0
BRDA:73,3,0,0
BRDA:73,3,1,0
BRDA:92,4,0,0
BRDA:92,4,1,0
BRDA:107,5,0,0
BRDA:107,5,1,0
BRDA:143,6,0,0
BRDA:143,6,1,0
BRDA:143,7,0,0
BRDA:143,7,1,0
BRDA:156,8,0,0
BRDA:156,8,1,0
BRDA:157,9,0,0
BRDA:157,9,1,0
BRDA:171,10,0,0
BRDA:175,11,0,0
BRDA:175,11,1,0
BRDA:175,12,0,0
BRDA:175,12,1,0
BRDA:180,13,0,0
BRDA:180,13,1,0
BRDA:185,14,0,0
BRDA:185,14,1,0
BRDA:202,15,0,1
BRDA:202,15,1,0
BRDA:225,16,0,0
BRDA:225,16,1,0
BRDA:230,17,0,0
BRDA:230,17,1,0
BRDA:244,18,0,0
BRDA:244,18,1,0
BRDA:254,19,0,3
BRDA:254,19,1,8
BRDA:259,20,0,1
BRDA:259,20,1,7
BRDA:264,21,0,1
BRDA:264,21,1,6
BRDA:264,22,0,7
BRDA:264,22,1,6
BRDA:279,23,0,0
BRDA:279,23,1,0
BRDA:280,24,0,0
BRDA:280,24,1,0
BRDA:294,25,0,0
BRDA:294,25,1,0
BRDA:295,26,0,0
BRDA:295,26,1,0
BRDA:318,27,0,0
BRDA:318,27,1,0
BRDA:321,28,0,0
BRDA:321,28,1,0
BRDA:340,29,0,0
BRDA:340,29,1,0
BRDA:345,30,0,0
BRDA:345,30,1,0
BRDA:369,31,0,6
BRDA:369,31,1,1
BRDA:380,32,0,4
BRDA:380,32,1,3
BRDA:380,32,2,3
BRDA:406,33,0,1
BRDA:406,33,1,0
BRDA:406,34,0,1
BRDA:406,34,1,1
BRF:70
BRH:17
end_of_record
TN:
SF:src\js\utils.js
FN:11,isValidEmail
FN:21,isValidPassword
FN:33,sanitizeHTML
FN:35,(anonymous_3)
FN:52,formatDate
FN:83,showMessage
FN:92,(anonymous_6)
FN:104,clearMessage
FN:118,toggleSections
FN:135,clearForm
FN:141,(anonymous_10)
FN:154,validateForm
FN:158,(anonymous_12)
FN:177,createElement
FN:180,(anonymous_14)
FN:201,debounce
FN:203,executedFunction
FN:204,(anonymous_17)
FNF:18
FNH:8
FNDA:13,isValidEmail
FNDA:11,isValidPassword
FNDA:10,sanitizeHTML
FNDA:21,(anonymous_3)
FNDA:6,formatDate
FNDA:0,showMessage
FNDA:0,(anonymous_6)
FNDA:0,clearMessage
FNDA:0,toggleSections
FNDA:0,clearForm
FNDA:0,(anonymous_10)
FNDA:0,validateForm
FNDA:0,(anonymous_12)
FNDA:0,createElement
FNDA:0,(anonymous_14)
FNDA:3,debounce
FNDA:6,executedFunction
FNDA:3,(anonymous_17)
DA:12,13
DA:13,13
DA:22,11
DA:23,3
DA:25,8
DA:34,10
DA:35,7
DA:36,21
DA:43,21
DA:53,6
DA:55,3
DA:56,3
DA:59,3
DA:60,3
DA:62,3
DA:63,3
DA:65,3
DA:66,1
DA:67,2
DA:68,1
DA:69,1
DA:70,1
DA:72,0
DA:84,0
DA:85,0
DA:87,0
DA:88,0
DA:89,0
DA:91,0
DA:92,0
DA:93,0
DA:94,0
DA:95,0
DA:105,0
DA:106,0
DA:107,0
DA:108,0
DA:109,0
DA:119,0
DA:120,0
DA:122,0
DA:123,0
DA:126,0
DA:127,0
DA:136,0
DA:137,0
DA:138,0
DA:140,0
DA:141,0
DA:142,0
DA:143,0
DA:144,0
DA:155,0
DA:156,0
DA:158,0
DA:159,0
DA:160,0
DA:161,0
DA:163,0
DA:167,0
DA:178,0
DA:180,0
DA:181,0
DA:182,0
DA:184,0
DA:188,0
DA:189,0
DA:192,0
DA:203,3
DA:204,6
DA:205,3
DA:206,3
DA:208,6
DA:209,6
DA:214,1
DA:215,1
LF:76
LH:30
BRDA:22,0,0,3
BRDA:22,0,1,8
BRDA:22,1,0,11
BRDA:22,1,1,8
BRDA:34,2,0,3
BRDA:34,2,1,7
BRDA:53,3,0,3
BRDA:53,3,1,3
BRDA:65,4,0,1
BRDA:65,4,1,2
BRDA:67,5,0,1
BRDA:67,5,1,1
BRDA:69,6,0,1
BRDA:69,6,1,0
BRDA:83,7,0,0
BRDA:83,8,0,0
BRDA:85,9,0,0
BRDA:85,9,1,0
BRDA:91,10,0,0
BRDA:91,10,1,0
BRDA:106,11,0,0
BRDA:106,11,1,0
BRDA:122,12,0,0
BRDA:122,12,1,0
BRDA:126,13,0,0
BRDA:126,13,1,0
BRDA:137,14,0,0
BRDA:137,14,1,0
BRDA:159,15,0,0
BRDA:159,15,1,0
BRDA:177,16,0,0
BRDA:177,17,0,0
BRDA:181,18,0,0
BRDA:181,18,1,0
BRDA:188,19,0,0
BRDA:188,19,1,0
BRDA:214,20,0,1
BRDA:214,20,1,0
BRDA:214,21,0,1
BRDA:214,21,1,1
BRF:40
BRH:16
end_of_record
